<?xml version="1.0" encoding="UTF-8"?>
<testng-results skipped="0" failed="0" ignored="0" total="1" passed="1">
  <reporter-output>
  </reporter-output>
  <suite name="Default suite" duration-ms="21148" started-at="2018-05-01T15:34:53Z" finished-at="2018-05-01T15:35:14Z">
    <groups>
    </groups>
    <test name="Default test" duration-ms="21148" started-at="2018-05-01T15:34:53Z" finished-at="2018-05-01T15:35:14Z">
      <class name="Test.Google_Test">
        <test-method status="PASS" signature="beforeMethod()[pri:0, instance:Test.Google_Test@1e88b3c]" name="beforeMethod" is-config="true" duration-ms="8671" started-at="2018-05-01T15:34:53Z" finished-at="2018-05-01T15:35:02Z">
          <reporter-output>
          </reporter-output>
        </test-method> <!-- beforeMethod -->
        <test-method status="PASS" signature="test()[pri:0, instance:Test.Google_Test@1e88b3c]" name="test" duration-ms="12337" started-at="2018-05-01T15:35:02Z" finished-at="2018-05-01T15:35:14Z">
          <reporter-output>
          </reporter-output>
        </test-method> <!-- test -->
        <test-method status="PASS" signature="afterMethod()[pri:0, instance:Test.Google_Test@1e88b3c]" name="afterMethod" is-config="true" duration-ms="108" started-at="2018-05-01T15:35:14Z" finished-at="2018-05-01T15:35:14Z">
          <reporter-output>
          </reporter-output>
        </test-method> <!-- afterMethod -->
      </class> <!-- Test.Google_Test -->
    </test> <!-- Default test -->
  </suite> <!-- Default suite -->
</testng-results>
